
Showing logs for build [32msimonjamesrowe-search-service-m-7hf56-37[0m stage [32mfrom-build-pack[0m and container [32mcredential-initializer[0m
{"level":"info","ts":1615627993.326909,"caller":"creds-init/main.go:44","msg":"Credentials initialized."}

Showing logs for build [32msimonjamesrowe-search-service-m-7hf56-37[0m stage [32mfrom-build-pack[0m and container [32mworking-dir-initializer[0m

Showing logs for build [32msimonjamesrowe-search-service-m-7hf56-37[0m stage [32mfrom-build-pack[0m and container [32mplace-tools[0m

Showing logs for build [32msimonjamesrowe-search-service-m-7hf56-37[0m stage [32mfrom-build-pack[0m and container [32mstep-git-source-simonjamesrowe-search-service-m-7hf56-nxmjj[0m
{"level":"info","ts":1615628002.872656,"caller":"git/git.go:105","msg":"Successfully cloned https://github.com/simonjamesrowe/search-service.git @ v0.0.36 in path /workspace/source"}
{"level":"warn","ts":1615628002.8729794,"caller":"git/git.go:152","msg":"Unexpected error: creating symlink: symlink /tekton/home/.ssh /****/.ssh: file exists"}
{"level":"info","ts":1615628002.954627,"caller":"git/git.go:133","msg":"Successfully initialized and updated submodules in path /workspace/source"}

Showing logs for build [32msimonjamesrowe-search-service-m-7hf56-37[0m stage [32mfrom-build-pack[0m and container [32mstep-setup-builder-home[0m

Showing logs for build [32msimonjamesrowe-search-service-m-7hf56-37[0m stage [32mfrom-build-pack[0m and container [32mstep-git-merge[0m
Using SHAs from PULL_REFS=master:60efdd186059ea6c57256d7bc6a92209c8ead427
WARNING: no SHAs to merge, falling back to initial cloned commit

Showing logs for build [32msimonjamesrowe-search-service-m-7hf56-37[0m stage [32mfrom-build-pack[0m and container [32mstep-setup-jx-git-credentials[0m
Generated Git credentials file /workspace/xdg_config/git/credentials

Showing logs for build [32msimonjamesrowe-search-service-m-7hf56-37[0m stage [32mfrom-build-pack[0m and container [32mstep-build-gradle-build[0m

FAILURE: Build failed with an exception.

* What went wrong:
Gradle could not start your build.
> Could not initialize native services.
   > Failed to load native library 'libnative-platform.so' for Linux amd64.

* Try:
Run with --stacktrace option to get the stack trace. Run with --debug option to get more log output. Run with --scan to get full insights.

* Get more help at https://help.gradle.org
[31m
Pipeline failed on stage 'from-build-pack' : container 'step-build-gradle-build'. The execution of the pipeline has stopped.[0m
